# JRE version: Java(TM) SE Runtime Environment (8.0_121-b13) (build 1.8.0_121-b13)
# Java VM: Java HotSpot(TM) 64-Bit Server VM (25.121-b13 mixed mode windows-amd64 compressed oops)
Heap:
 PSYoungGen      total 275456K, used 25086K [0x00000000eab00000, 0x00000000ffa80000, 0x0000000100000000)
  eden space 207872K, 0% used [0x00000000eab00000,0x00000000eab00000,0x00000000f7600000)
  from space 67584K, 37% used [0x00000000fb680000,0x00000000fceffb80,0x00000000ff880000)
  to   space 66048K, 0% used [0x00000000f7600000,0x00000000f7600000,0x00000000fb680000)
 ParOldGen       total 180224K, used 174484K [0x00000000c0000000, 0x00000000cb000000, 0x00000000eab00000)
  object space 180224K, 96% used [0x00000000c0000000,0x00000000caa65188,0x00000000cb000000)
 Metaspace       used 139267K, capacity 156011K, committed 156120K, reserved 1183744K
  class space    used 16381K, capacity 20891K, committed 20952K, reserved 1048576K
GC Heap History (10 events):
Event: 19095.907 GC heap after
Heap after GC invocations=191 (full 5):
 PSYoungGen      total 274432K, used 43018K [0x00000000eab00000, 0x0000000100000000, 0x0000000100000000)
  eden space 198656K, 0% used [0x00000000eab00000,0x00000000eab00000,0x00000000f6d00000)
  from space 75776K, 56% used [0x00000000fb600000,0x00000000fe002a88,0x0000000100000000)
  to   space 74752K, 0% used [0x00000000f6d00000,0x00000000f6d00000,0x00000000fb600000)
 ParOldGen       total 180224K, used 158637K [0x00000000c0000000, 0x00000000cb000000, 0x00000000eab00000)
  object space 180224K, 88% used [0x00000000c0000000,0x00000000c9aeb710,0x00000000cb000000)
 Metaspace       used 139052K, capacity 155767K, committed 155864K, reserved 1183744K
  class space    used 16378K, capacity 20857K, committed 20952K, reserved 1048576K
}
Event: 19433.004 GC heap before
{Heap before GC invocations=192 (full 5):
 PSYoungGen      total 274432K, used 241674K [0x00000000eab00000, 0x0000000100000000, 0x0000000100000000)
  eden space 198656K, 100% used [0x00000000eab00000,0x00000000f6d00000,0x00000000f6d00000)
  from space 75776K, 56% used [0x00000000fb600000,0x00000000fe002a88,0x0000000100000000)
  to   space 74752K, 0% used [0x00000000f6d00000,0x00000000f6d00000,0x00000000fb600000)
 ParOldGen       total 180224K, used 158637K [0x00000000c0000000, 0x00000000cb000000, 0x00000000eab00000)
  object space 180224K, 88% used [0x00000000c0000000,0x00000000c9aeb710,0x00000000cb000000)
 Metaspace       used 139073K, capacity 155767K, committed 155864K, reserved 1183744K
  class space    used 16378K, capacity 20857K, committed 20952K, reserved 1048576K
Event: 19433.169 GC heap after
Heap after GC invocations=192 (full 5):
 PSYoungGen      total 239616K, used 40878K [0x00000000eab00000, 0x00000000ffb00000, 0x0000000100000000)
  eden space 198656K, 0% used [0x00000000eab00000,0x00000000eab00000,0x00000000f6d00000)
  from space 40960K, 99% used [0x00000000f6d00000,0x00000000f94ebad0,0x00000000f9500000)
  to   space 72704K, 0% used [0x00000000fb400000,0x00000000fb400000,0x00000000ffb00000)
 ParOldGen       total 180224K, used 160136K [0x00000000c0000000, 0x00000000cb000000, 0x00000000eab00000)
  object space 180224K, 88% used [0x00000000c0000000,0x00000000c9c622a0,0x00000000cb000000)
 Metaspace       used 139073K, capacity 155767K, committed 155864K, reserved 1183744K
  class space    used 16378K, capacity 20857K, committed 20952K, reserved 1048576K
}
Event: 19442.712 GC heap before
{Heap before GC invocations=193 (full 5):
 PSYoungGen      total 239616K, used 239534K [0x00000000eab00000, 0x00000000ffb00000, 0x0000000100000000)
  eden space 198656K, 100% used [0x00000000eab00000,0x00000000f6d00000,0x00000000f6d00000)
  from space 40960K, 99% used [0x00000000f6d00000,0x00000000f94ebad0,0x00000000f9500000)
  to   space 72704K, 0% used [0x00000000fb400000,0x00000000fb400000,0x00000000ffb00000)
 ParOldGen       total 180224K, used 160136K [0x00000000c0000000, 0x00000000cb000000, 0x00000000eab00000)
  object space 180224K, 88% used [0x00000000c0000000,0x00000000c9c622a0,0x00000000cb000000)
 Metaspace       used 139109K, capacity 155863K, committed 156120K, reserved 1183744K
  class space    used 16380K, capacity 20889K, committed 20952K, reserved 1048576K
Event: 19442.848 GC heap after
Heap after GC invocations=193 (full 5):
 PSYoungGen      total 273920K, used 37942K [0x00000000eab00000, 0x00000000ffc00000, 0x0000000100000000)
  eden space 201216K, 0% used [0x00000000eab00000,0x00000000eab00000,0x00000000f6f80000)
  from space 72704K, 52% used [0x00000000fb400000,0x00000000fd90da88,0x00000000ffb00000)
  to   space 70144K, 0% used [0x00000000f6f80000,0x00000000f6f80000,0x00000000fb400000)
 ParOldGen       total 180224K, used 161368K [0x00000000c0000000, 0x00000000cb000000, 0x00000000eab00000)
  object space 180224K, 89% used [0x00000000c0000000,0x00000000c9d962a0,0x00000000cb000000)
 Metaspace       used 139109K, capacity 155863K, committed 156120K, reserved 1183744K
  class space    used 16380K, capacity 20889K, committed 20952K, reserved 1048576K
}
Event: 19444.043 GC heap before
{Heap before GC invocations=194 (full 5):
 PSYoungGen      total 273920K, used 239158K [0x00000000eab00000, 0x00000000ffc00000, 0x0000000100000000)
  eden space 201216K, 100% used [0x00000000eab00000,0x00000000f6f80000,0x00000000f6f80000)
  from space 72704K, 52% used [0x00000000fb400000,0x00000000fd90da88,0x00000000ffb00000)
  to   space 70144K, 0% used [0x00000000f6f80000,0x00000000f6f80000,0x00000000fb400000)
 ParOldGen       total 180224K, used 161368K [0x00000000c0000000, 0x00000000cb000000, 0x00000000eab00000)
  object space 180224K, 89% used [0x00000000c0000000,0x00000000c9d962a0,0x00000000cb000000)
 Metaspace       used 139110K, capacity 155863K, committed 156120K, reserved 1183744K
  class space    used 16380K, capacity 20889K, committed 20952K, reserved 1048576K
Event: 19444.113 GC heap after
Heap after GC invocations=194 (full 5):
 PSYoungGen      total 271360K, used 31694K [0x00000000eab00000, 0x00000000ff880000, 0x0000000100000000)
  eden space 201216K, 0% used [0x00000000eab00000,0x00000000eab00000,0x00000000f6f80000)
  from space 70144K, 45% used [0x00000000f6f80000,0x00000000f8e738e0,0x00000000fb400000)
  to   space 67584K, 0% used [0x00000000fb680000,0x00000000fb680000,0x00000000ff880000)
 ParOldGen       total 180224K, used 168056K [0x00000000c0000000, 0x00000000cb000000, 0x00000000eab00000)
  object space 180224K, 93% used [0x00000000c0000000,0x00000000ca41e3d8,0x00000000cb000000)
 Metaspace       used 139110K, capacity 155863K, committed 156120K, reserved 1183744K
  class space    used 16380K, capacity 20889K, committed 20952K, reserved 1048576K
}
Event: 19570.640 GC heap before
{Heap before GC invocations=195 (full 5):
 PSYoungGen      total 271360K, used 232910K [0x00000000eab00000, 0x00000000ff880000, 0x0000000100000000)
  eden space 201216K, 100% used [0x00000000eab00000,0x00000000f6f80000,0x00000000f6f80000)
  from space 70144K, 45% used [0x00000000f6f80000,0x00000000f8e738e0,0x00000000fb400000)
  to   space 67584K, 0% used [0x00000000fb680000,0x00000000fb680000,0x00000000ff880000)
 ParOldGen       total 180224K, used 168056K [0x00000000c0000000, 0x00000000cb000000, 0x00000000eab00000)
  object space 180224K, 93% used [0x00000000c0000000,0x00000000ca41e3d8,0x00000000cb000000)
 Metaspace       used 139267K, capacity 156011K, committed 156120K, reserved 1183744K
  class space    used 16381K, capacity 20891K, committed 20952K, reserved 1048576K
Event: 19570.753 GC heap after
Heap after GC invocations=195 (full 5):
 PSYoungGen      total 275456K, used 25086K [0x00000000eab00000, 0x00000000ffa80000, 0x0000000100000000)
  eden space 207872K, 0% used [0x00000000eab00000,0x00000000eab00000,0x00000000f7600000)
  from space 67584K, 37% used [0x00000000fb680000,0x00000000fceffb80,0x00000000ff880000)
  to   space 66048K, 0% used [0x00000000f7600000,0x00000000f7600000,0x00000000fb680000)
 ParOldGen       total 180224K, used 174484K [0x00000000c0000000, 0x00000000cb000000, 0x00000000eab00000)
  object space 180224K, 96% used [0x00000000c0000000,0x00000000caa65188,0x00000000cb000000)
 Metaspace       used 139267K, capacity 156011K, committed 156120K, reserved 1183744K
  class space    used 16381K, capacity 20891K, committed 20952K, reserved 1048576K
}
Event: 19570.753 GC heap before
{Heap before GC invocations=196 (full 6):
 PSYoungGen      total 275456K, used 25086K [0x00000000eab00000, 0x00000000ffa80000, 0x0000000100000000)
  eden space 207872K, 0% used [0x00000000eab00000,0x00000000eab00000,0x00000000f7600000)
  from space 67584K, 37% used [0x00000000fb680000,0x00000000fceffb80,0x00000000ff880000)
  to   space 66048K, 0% used [0x00000000f7600000,0x00000000f7600000,0x00000000fb680000)
 ParOldGen       total 180224K, used 174484K [0x00000000c0000000, 0x00000000cb000000, 0x00000000eab00000)
  object space 180224K, 96% used [0x00000000c0000000,0x00000000caa65188,0x00000000cb000000)
 Metaspace       used 139267K, capacity 156011K, committed 156120K, reserved 1183744K
  class space    used 16381K, capacity 20891K, committed 20952K, reserved 1048576K

